# JRE version: Java(TM) SE Runtime Environment (8.0_60-b27) (build 1.8.0_60-b27)
# Java VM: Java HotSpot(TM) 64-Bit Server VM (25.60-b23 mixed mode windows-amd64 compressed oops)
Heap:
 PSYoungGen      total 164864K, used 50932K [0x000000076b600000, 0x0000000776a80000, 0x00000007c0000000)
  eden space 147968K, 34% used [0x000000076b600000,0x000000076e7bd2a8,0x0000000774680000)
  from space 16896K, 0% used [0x0000000775800000,0x0000000775800000,0x0000000776880000)
  to   space 17920K, 0% used [0x0000000774680000,0x0000000774680000,0x0000000775800000)
 ParOldGen       total 101888K, used 18533K [0x00000006c2200000, 0x00000006c8580000, 0x000000076b600000)
  object space 101888K, 18% used [0x00000006c2200000,0x00000006c34197f8,0x00000006c8580000)
 Metaspace       used 32452K, capacity 34168K, committed 34304K, reserved 1079296K
  class space    used 4381K, capacity 4761K, committed 4864K, reserved 1048576K
GC Heap History (10 events):
Event: 429.921 GC heap before
{Heap before GC invocations=8 (full 2):
 PSYoungGen      total 164352K, used 11973K [0x000000076b600000, 0x0000000776680000, 0x00000007c0000000)
  eden space 148992K, 0% used [0x000000076b600000,0x000000076b600000,0x0000000774780000)
  from space 15360K, 77% used [0x0000000775780000,0x0000000776331608,0x0000000776680000)
  to   space 15872K, 0% used [0x0000000774780000,0x0000000774780000,0x0000000775700000)
 ParOldGen       total 101888K, used 16225K [0x00000006c2200000, 0x00000006c8580000, 0x000000076b600000)
  object space 101888K, 15% used [0x00000006c2200000,0x00000006c31d8468,0x00000006c8580000)
 Metaspace       used 31108K, capacity 32548K, committed 32768K, reserved 1077248K
  class space    used 4212K, capacity 4536K, committed 4608K, reserved 1048576K
Event: 429.991 GC heap after
Heap after GC invocations=8 (full 2):
 PSYoungGen      total 164352K, used 0K [0x000000076b600000, 0x0000000776680000, 0x00000007c0000000)
  eden space 148992K, 0% used [0x000000076b600000,0x000000076b600000,0x0000000774780000)
  from space 15360K, 0% used [0x0000000775780000,0x0000000775780000,0x0000000776680000)
  to   space 15872K, 0% used [0x0000000774780000,0x0000000774780000,0x0000000775700000)
 ParOldGen       total 101888K, used 18622K [0x00000006c2200000, 0x00000006c8580000, 0x000000076b600000)
  object space 101888K, 18% used [0x00000006c2200000,0x00000006c342f910,0x00000006c8580000)
 Metaspace       used 31108K, capacity 32548K, committed 32768K, reserved 1077248K
  class space    used 4212K, capacity 4536K, committed 4608K, reserved 1048576K
}
Event: 921.144 GC heap before
{Heap before GC invocations=9 (full 2):
 PSYoungGen      total 164352K, used 118115K [0x000000076b600000, 0x0000000776680000, 0x00000007c0000000)
  eden space 148992K, 79% used [0x000000076b600000,0x0000000772958e88,0x0000000774780000)
  from space 15360K, 0% used [0x0000000775780000,0x0000000775780000,0x0000000776680000)
  to   space 15872K, 0% used [0x0000000774780000,0x0000000774780000,0x0000000775700000)
 ParOldGen       total 101888K, used 18622K [0x00000006c2200000, 0x00000006c8580000, 0x000000076b600000)
  object space 101888K, 18% used [0x00000006c2200000,0x00000006c342f910,0x00000006c8580000)
 Metaspace       used 32223K, capacity 33772K, committed 33920K, reserved 1079296K
  class space    used 4352K, capacity 4695K, committed 4736K, reserved 1048576K
Event: 921.148 GC heap after
Heap after GC invocations=9 (full 2):
 PSYoungGen      total 164864K, used 3394K [0x000000076b600000, 0x0000000776880000, 0x00000007c0000000)
  eden space 148992K, 0% used [0x000000076b600000,0x000000076b600000,0x0000000774780000)
  from space 15872K, 21% used [0x0000000774780000,0x0000000774ad0990,0x0000000775700000)
  to   space 16896K, 0% used [0x0000000775800000,0x0000000775800000,0x0000000776880000)
 ParOldGen       total 101888K, used 18630K [0x00000006c2200000, 0x00000006c8580000, 0x000000076b600000)
  object space 101888K, 18% used [0x00000006c2200000,0x00000006c3431910,0x00000006c8580000)
 Metaspace       used 32223K, capacity 33772K, committed 33920K, reserved 1079296K
  class space    used 4352K, capacity 4695K, committed 4736K, reserved 1048576K
}
Event: 921.148 GC heap before
{Heap before GC invocations=10 (full 3):
 PSYoungGen      total 164864K, used 3394K [0x000000076b600000, 0x0000000776880000, 0x00000007c0000000)
  eden space 148992K, 0% used [0x000000076b600000,0x000000076b600000,0x0000000774780000)
  from space 15872K, 21% used [0x0000000774780000,0x0000000774ad0990,0x0000000775700000)
  to   space 16896K, 0% used [0x0000000775800000,0x0000000775800000,0x0000000776880000)
 ParOldGen       total 101888K, used 18630K [0x00000006c2200000, 0x00000006c8580000, 0x000000076b600000)
  object space 101888K, 18% used [0x00000006c2200000,0x00000006c3431910,0x00000006c8580000)
 Metaspace       used 32223K, capacity 33772K, committed 33920K, reserved 1079296K
  class space    used 4352K, capacity 4695K, committed 4736K, reserved 1048576K
Event: 921.256 GC heap after
Heap after GC invocations=10 (full 3):
 PSYoungGen      total 164864K, used 0K [0x000000076b600000, 0x0000000776880000, 0x00000007c0000000)
  eden space 148992K, 0% used [0x000000076b600000,0x000000076b600000,0x0000000774780000)
  from space 15872K, 0% used [0x0000000774780000,0x0000000774780000,0x0000000775700000)
  to   space 16896K, 0% used [0x0000000775800000,0x0000000775800000,0x0000000776880000)
 ParOldGen       total 101888K, used 19146K [0x00000006c2200000, 0x00000006c8580000, 0x000000076b600000)
  object space 101888K, 18% used [0x00000006c2200000,0x00000006c34b2b68,0x00000006c8580000)
 Metaspace       used 32220K, capacity 33766K, committed 33920K, reserved 1079296K
  class space    used 4351K, capacity 4693K, committed 4736K, reserved 1048576K
}
Event: 1018.085 GC heap before
{Heap before GC invocations=11 (full 3):
 PSYoungGen      total 164864K, used 89629K [0x000000076b600000, 0x0000000776880000, 0x00000007c0000000)
  eden space 148992K, 60% used [0x000000076b600000,0x0000000770d87458,0x0000000774780000)
  from space 15872K, 0% used [0x0000000774780000,0x0000000774780000,0x0000000775700000)
  to   space 16896K, 0% used [0x0000000775800000,0x0000000775800000,0x0000000776880000)
 ParOldGen       total 101888K, used 19146K [0x00000006c2200000, 0x00000006c8580000, 0x000000076b600000)
  object space 101888K, 18% used [0x00000006c2200000,0x00000006c34b2b68,0x00000006c8580000)
 Metaspace       used 32364K, capacity 33952K, committed 34304K, reserved 1079296K
  class space    used 4369K, capacity 4745K, committed 4864K, reserved 1048576K
Event: 1018.087 GC heap after
Heap after GC invocations=11 (full 3):
 PSYoungGen      total 164864K, used 2496K [0x000000076b600000, 0x0000000776a80000, 0x00000007c0000000)
  eden space 147968K, 0% used [0x000000076b600000,0x000000076b600000,0x0000000774680000)
  from space 16896K, 14% used [0x0000000775800000,0x0000000775a70000,0x0000000776880000)
  to   space 17920K, 0% used [0x0000000774680000,0x0000000774680000,0x0000000775800000)
 ParOldGen       total 101888K, used 19154K [0x00000006c2200000, 0x00000006c8580000, 0x000000076b600000)
  object space 101888K, 18% used [0x00000006c2200000,0x00000006c34b4b68,0x00000006c8580000)
 Metaspace       used 32364K, capacity 33952K, committed 34304K, reserved 1079296K
  class space    used 4369K, capacity 4745K, committed 4864K, reserved 1048576K
}
Event: 1018.087 GC heap before
{Heap before GC invocations=12 (full 4):
 PSYoungGen      total 164864K, used 2496K [0x000000076b600000, 0x0000000776a80000, 0x00000007c0000000)
  eden space 147968K, 0% used [0x000000076b600000,0x000000076b600000,0x0000000774680000)
  from space 16896K, 14% used [0x0000000775800000,0x0000000775a70000,0x0000000776880000)
  to   space 17920K, 0% used [0x0000000774680000,0x0000000774680000,0x0000000775800000)
 ParOldGen       total 101888K, used 19154K [0x00000006c2200000, 0x00000006c8580000, 0x000000076b600000)
  object space 101888K, 18% used [0x00000006c2200000,0x00000006c34b4b68,0x00000006c8580000)
 Metaspace       used 32364K, capacity 33952K, committed 34304K, reserved 1079296K
  class space    used 4369K, capacity 4745K, committed 4864K, reserved 1048576K
Event: 1018.156 GC heap after
Heap after GC invocations=12 (full 4):
 PSYoungGen      total 164864K, used 0K [0x000000076b600000, 0x0000000776a80000, 0x00000007c0000000)
  eden space 147968K, 0% used [0x000000076b600000,0x000000076b600000,0x0000000774680000)
  from space 16896K, 0% used [0x0000000775800000,0x0000000775800000,0x0000000776880000)
  to   space 17920K, 0% used [0x0000000774680000,0x0000000774680000,0x0000000775800000)
 ParOldGen       total 101888K, used 18533K [0x00000006c2200000, 0x00000006c8580000, 0x000000076b600000)
  object space 101888K, 18% used [0x00000006c2200000,0x00000006c34197f8,0x00000006c8580000)
 Metaspace       used 32362K, capacity 33946K, committed 34304K, reserved 1079296K
  class space    used 4368K, capacity 4743K, committed 4864K, reserved 1048576K
}

